<?xml version="1.0" encoding="UTF-8"?>
<!-- Generated by org.testng.reporters.JUnitXMLReporter -->
<testsuite hostname="rafal" name="Default test" tests="3" failures="0" timestamp="10 Apr 2015 13:09:05 GMT" time="132.17" errors="0">
  <testcase name="@BeforeClass setUp" time="0.0" classname="CRM_Mobile_Tests.DisplayWorkOrderDetails">
    <failure type="org.openqa.selenium.WebDriverException" message="An unknown server-side error occurred while processing the command. (WARNING: The server did not provide any stacktrace information)
Command duration or timeout: 252 milliseconds
Build info: version: &amp;apos;2.45.0&amp;apos;, revision: &amp;apos;5017cb8&amp;apos;, time: &amp;apos;2015-02-26 23:59:50&amp;apos;
System info: host: &amp;apos;rafal&amp;apos;, ip: &amp;apos;192.168.222.1&amp;apos;, os.name: &amp;apos;Windows 7&amp;apos;, os.arch: &amp;apos;amd64&amp;apos;, os.version: &amp;apos;6.1&amp;apos;, java.version: &amp;apos;1.7.0_71&amp;apos;
*** Element info: {Using=xpath, value=//android.widget.TextView[@text=&amp;apos;2500 Holding Group LLC  (3)&amp;apos;]}
Session ID: b4a4baa9-bcb3-4dd5-b6a7-89c61f94fdb3
Driver info: org.openqa.selenium.remote.RemoteWebDriver
Capabilities [{platform=LINUX, javascriptEnabled=true, browserName=Android, networkConnectionEnabled=true, desired={platformVersion=4.4, platformName=Android, deviceName=Android Emulator, deviceType=phone, app-package=com.friendlysol.android, name=Test, app-activity=.activities.StartActivity}, locationContextEnabled=false, platformVersion=4.4, databaseEnabled=false, platformName=Android, deviceName=Android Emulator, deviceType=phone, app-package=com.friendlysol.android, name=Test, webStorageEnabled=false, app-activity=.activities.StartActivity, warnings={}, takesScreenshot=true}]">
      <![CDATA[org.openqa.selenium.WebDriverException: An unknown server-side error occurred while processing the command. (WARNING: The server did not provide any stacktrace information)
Command duration or timeout: 252 milliseconds
Build info: version: '2.45.0', revision: '5017cb8', time: '2015-02-26 23:59:50'
System info: host: 'rafal', ip: '192.168.222.1', os.name: 'Windows 7', os.arch: 'amd64', os.version: '6.1', java.version: '1.7.0_71'
*** Element info: {Using=xpath, value=//android.widget.TextView[@text='2500 Holding Group LLC  (3)']}
Session ID: b4a4baa9-bcb3-4dd5-b6a7-89c61f94fdb3
Driver info: org.openqa.selenium.remote.RemoteWebDriver
Capabilities [{platform=LINUX, javascriptEnabled=true, browserName=Android, networkConnectionEnabled=true, desired={platformVersion=4.4, platformName=Android, deviceName=Android Emulator, deviceType=phone, app-package=com.friendlysol.android, name=Test, app-activity=.activities.StartActivity}, locationContextEnabled=false, platformVersion=4.4, databaseEnabled=false, platformName=Android, deviceName=Android Emulator, deviceType=phone, app-package=com.friendlysol.android, name=Test, webStorageEnabled=false, app-activity=.activities.StartActivity, warnings={}, takesScreenshot=true}]
	at sun.reflect.GeneratedConstructorAccessor11.newInstance(Unknown Source)
	at sun.reflect.DelegatingConstructorAccessorImpl.newInstance(Unknown Source)
	at java.lang.reflect.Constructor.newInstance(Unknown Source)
	at org.openqa.selenium.remote.ErrorHandler.createThrowable(ErrorHandler.java:204)
	at org.openqa.selenium.remote.ErrorHandler.throwIfResponseFailed(ErrorHandler.java:156)
	at org.openqa.selenium.remote.RemoteWebDriver.execute(RemoteWebDriver.java:599)
	at org.openqa.selenium.remote.RemoteWebDriver.findElement(RemoteWebDriver.java:352)
	at org.openqa.selenium.remote.RemoteWebDriver.findElementByXPath(RemoteWebDriver.java:449)
	at org.openqa.selenium.By$ByXPath.findElement(By.java:357)
	at org.openqa.selenium.remote.RemoteWebDriver.findElement(RemoteWebDriver.java:344)
	at org.openqa.selenium.support.ui.ExpectedConditions.findElement(ExpectedConditions.java:730)
	at org.openqa.selenium.support.ui.ExpectedConditions.access$0(ExpectedConditions.java:728)
	at org.openqa.selenium.support.ui.ExpectedConditions$3.apply(ExpectedConditions.java:106)
	at org.openqa.selenium.support.ui.ExpectedConditions$3.apply(ExpectedConditions.java:1)
	at org.openqa.selenium.support.ui.FluentWait.until(FluentWait.java:208)
	at UI.UI.WaitForElement(UI.java:108)
	at UI.UI.WaitAndTap(UI.java:94)
	at Page.WorkOrder.WorkOrderListViewSubMenu.Customers(WorkOrderListViewSubMenu.java:43)
	at CRM_Mobile_Tests.DisplayWorkOrderDetails.setUp(DisplayWorkOrderDetails.java:34)
	at sun.reflect.NativeMethodAccessorImpl.invoke0(Native Method)
	at sun.reflect.NativeMethodAccessorImpl.invoke(Unknown Source)
	at sun.reflect.DelegatingMethodAccessorImpl.invoke(Unknown Source)
	at java.lang.reflect.Method.invoke(Unknown Source)
	at org.testng.internal.MethodInvocationHelper.invokeMethod(MethodInvocationHelper.java:84)
	at org.testng.internal.Invoker.invokeConfigurationMethod(Invoker.java:564)
	at org.testng.internal.Invoker.invokeConfigurations(Invoker.java:213)
	at org.testng.internal.Invoker.invokeConfigurations(Invoker.java:138)
	at org.testng.internal.TestMethodWorker.invokeBeforeClassMethods(TestMethodWorker.java:175)
	at org.testng.internal.TestMethodWorker.run(TestMethodWorker.java:107)
	at org.testng.TestRunner.privateRun(TestRunner.java:767)
	at org.testng.TestRunner.run(TestRunner.java:617)
	at org.testng.SuiteRunner.runTest(SuiteRunner.java:334)
	at org.testng.SuiteRunner.runSequentially(SuiteRunner.java:329)
	at org.testng.SuiteRunner.privateRun(SuiteRunner.java:291)
	at org.testng.SuiteRunner.run(SuiteRunner.java:240)
	at org.testng.SuiteRunnerWorker.runSuite(SuiteRunnerWorker.java:52)
	at org.testng.SuiteRunnerWorker.run(SuiteRunnerWorker.java:86)
	at org.testng.TestNG.runSuitesSequentially(TestNG.java:1224)
	at org.testng.TestNG.runSuitesLocally(TestNG.java:1149)
	at org.testng.TestNG.run(TestNG.java:1057)
	at org.testng.TestNG.privateMain(TestNG.java:1364)
	at org.testng.TestNG.main(TestNG.java:1333)
]]>
    </failure>
  </testcase> <!-- @BeforeClass setUp -->
  <testcase name="@AfterMethod ScreenshotWhenFail" time="0.0" classname="CRM_Mobile_Tests.DisplayWorkOrderDetails">
    <skipped/>
  </testcase> <!-- @AfterMethod ScreenshotWhenFail -->
  <testcase name="@AfterMethod ScreenshotWhenFail" time="0.0" classname="CRM_Mobile_Tests.DisplayWorkOrderDetails">
    <skipped/>
  </testcase> <!-- @AfterMethod ScreenshotWhenFail -->
  <testcase name="@AfterMethod ScreenshotWhenFail" time="0.0" classname="CRM_Mobile_Tests.DisplayWorkOrderDetails">
    <skipped/>
  </testcase> <!-- @AfterMethod ScreenshotWhenFail -->
  <testcase name="@AfterClass tearDown" time="0.0" classname="CRM_Mobile_Tests.DisplayWorkOrderDetails">
    <skipped/>
  </testcase> <!-- @AfterClass tearDown -->
  <testcase name="SchouldCheckStatusAllButtonsInPage" time="0.001" classname="CRM_Mobile_Tests.DisplayWorkOrderDetails">
    <skipped/>
  </testcase> <!-- SchouldCheckStatusAllButtonsInPage -->
  <testcase name="ShouldDisplayAllItemInSubMenu" time="0.001" classname="CRM_Mobile_Tests.DisplayWorkOrderDetails">
    <skipped/>
  </testcase> <!-- ShouldDisplayAllItemInSubMenu -->
  <testcase name="ShouldDisplayProperWoDetalis" time="0.001" classname="CRM_Mobile_Tests.DisplayWorkOrderDetails">
    <skipped/>
  </testcase> <!-- ShouldDisplayProperWoDetalis -->
</testsuite> <!-- Default test -->
