<html>
<head>
<title>TestNG:  Default test</title>
<link href="../testng.css" rel="stylesheet" type="text/css" />
<link href="../my-testng.css" rel="stylesheet" type="text/css" />

<style type="text/css">
.log { display: none;} 
.stack-trace { display: none;} 
</style>
<script type="text/javascript">
<!--
function flip(e) {
  current = e.style.display;
  if (current == 'block') {
    e.style.display = 'none';
    return 0;
  }
  else {
    e.style.display = 'block';
    return 1;
  }
}

function toggleBox(szDivId, elem, msg1, msg2)
{
  var res = -1;  if (document.getElementById) {
    res = flip(document.getElementById(szDivId));
  }
  else if (document.all) {
    // this is the way old msie versions work
    res = flip(document.all[szDivId]);
  }
  if(elem) {
    if(res == 0) elem.innerHTML = msg1; else elem.innerHTML = msg2;
  }

}

function toggleAllBoxes() {
  if (document.getElementsByTagName) {
    d = document.getElementsByTagName('div');
    for (i = 0; i < d.length; i++) {
      if (d[i].className == 'log') {
        flip(d[i]);
      }
    }
  }
}

// -->
</script>

</head>
<body>
<h2 align='center'>Default test</h2><table border='1' align="center">
<tr>
<td>Tests passed/Failed/Skipped:</td><td>10/1/0</td>
</tr><tr>
<td>Started on:</td><td>Tue Apr 14 20:14:21 CEST 2015</td>
</tr>
<tr><td>Total time:</td><td>395 seconds (395828 ms)</td>
</tr><tr>
<td>Included groups:</td><td></td>
</tr><tr>
<td>Excluded groups:</td><td></td>
</tr>
</table><p/>
<small><i>(Hover the method name to see the test class name)</i></small><p/>
<table width='100%' border='1' class='invocation-failed'>
<tr><td colspan='4' align='center'><b>FAILED TESTS</b></td></tr>
<tr><td><b>Test method</b></td>
<td width="30%"><b>Exception</b></td>
<td width="10%"><b>Time (seconds)</b></td>
<td><b>Instance</b></td>
</tr>
<tr>
<td title='CRM_Mobile_Tests.AddPhotoToWorkOrder.Test()'><b>Test</b><br>Test class: CRM_Mobile_Tests.AddPhotoToWorkOrder</td>
<td><div><pre>org.openqa.selenium.TimeoutException: Timed out after 8 seconds waiting for presence of element located by: By.xpath: //android.widget.TextView[@text=&apos;after job&apos;]
Build info: version: &apos;2.45.0&apos;, revision: &apos;5017cb8&apos;, time: &apos;2015-02-26 23:59:50&apos;
System info: host: &apos;rafal&apos;, ip: &apos;192.168.222.1&apos;, os.name: &apos;Windows 7&apos;, os.arch: &apos;amd64&apos;, os.version: &apos;6.1&apos;, java.version: &apos;1.7.0_71&apos;
Session ID: 59665ecc-fa5d-4726-80bd-294f4ff98987
Driver info: UI.CRM_Base$1
Capabilities [{platform=LINUX, javascriptEnabled=true, browserName=Android, networkConnectionEnabled=true, desired={platformVersion=4.4, platformName=Android, deviceName=Android Emulator, deviceType=phone, app-package=com.friendlysol.android, name=Test, app-activity=.activities.StartActivity}, locationContextEnabled=false, platformVersion=4.4, databaseEnabled=false, platformName=Android, deviceName=Android Emulator, deviceType=phone, app-package=com.friendlysol.android, name=Test, webStorageEnabled=false, app-activity=.activities.StartActivity, warnings={}, takesScreenshot=true}]
	at org.openqa.selenium.support.ui.WebDriverWait.timeoutException(WebDriverWait.java:79)
	at org.openqa.selenium.support.ui.FluentWait.until(FluentWait.java:228)
	at UI.UI.WaitForElement(UI.java:108)
	at UI.UI.WaitAndTap(UI.java:94)
	at Page.WorkOrder.WorkOrderDetailsViewSubMenu.AddPhotoFromCamera(WorkOrderDetailsViewSubMenu.java:49)
	at CRM_Mobile_Tests.AddPhotoToWorkOrder.Test(AddPhotoToWorkOrder.java:51)
	at sun.reflect.NativeMethodAccessorImpl.invoke0(Native Method)
	at sun.reflect.NativeMethodAccessorImpl.invoke(Unknown Source)
	at sun.reflect.DelegatingMethodAccessorImpl.invoke(Unknown Source)
	at java.lang.reflect.Method.invoke(Unknown Source)
	at org.testng.internal.MethodInvocationHelper.invokeMethod(MethodInvocationHelper.java:84)
	at org.testng.internal.Invoker.invokeMethod(Invoker.java:714)
	at org.testng.internal.Invoker.invokeTestMethod(Invoker.java:901)
	at org.testng.internal.Invoker.invokeTestMethods(Invoker.java:1231)
	at org.testng.internal.TestMethodWorker.invokeTestMethods(TestMethodWorker.java:127)
	at org.testng.internal.TestMethodWorker.run(TestMethodWorker.java:111)
	at org.testng.TestRunner.privateRun(TestRunner.java:767)
	at org.testng.TestRunner.run(TestRunner.java:617)
	at org.testng.SuiteRunner.runTest(SuiteRunner.java:334)
	at org.testng.SuiteRunner.runSequentially(SuiteRunner.java:329)
	at org.testng.SuiteRunner.privateRun(SuiteRunner.java:291)
	at org.testng.SuiteRunner.run(SuiteRunner.java:240)
	at org.testng.SuiteRunnerWorker.runSuite(SuiteRunnerWorker.java:52)
	at org.testng.SuiteRunnerWorker.run(SuiteRunnerWorker.java:86)
	at org.testng.TestNG.runSuitesSequentially(TestNG.java:1224)
	at org.testng.TestNG.runSuitesLocally(TestNG.java:1149)
	at org.testng.TestNG.run(TestNG.java:1057)
	at org.testng.TestNG.privateMain(TestNG.java:1364)
	at org.testng.TestNG.main(TestNG.java:1333)
Caused by: org.openqa.selenium.NoSuchElementException: An element could not be located on the page using the given search parameters. (WARNING: The server did not provide any stacktrace information)
Command duration or timeout: 92 milliseconds
For documentation on this error, please visit: http://seleniumhq.org/exceptions/no_such_element.html
Build info: version: &apos;2.45.0&apos;, revision: &apos;5017cb8&apos;, time: &apos;2015-02-26 23:59:50&apos;
System info: host: &apos;rafal&apos;, ip: &apos;192.168.222.1&apos;, os.name: &apos;Windows 7&apos;, os.arch: &apos;amd64&apos;, os.version: &apos;6.1&apos;, java.version: &apos;1.7.0_71&apos;
*** Element info: {Using=xpath, value=//android.widget.TextView[@text=&apos;after job&apos;]}
Session ID: 59665ecc-fa5d-4726-80bd-294f4ff98987
Driver info: UI.CRM_Base$1
Capabilities [{platform=LINUX, javascriptEnabled=true, browserName=Android, networkConnectionEnabled=true, desired={platformVersion=4.4, platformName=Android, deviceName=Android Emulator, deviceType=phone, app-package=com.friendlysol.android, name=Test, app-activity=.activities.StartActivity}, locationContextEnabled=false, platformVersion=4.4, databaseEnabled=false, platformName=Android, deviceName=Android Emulator, deviceType=phone, app-package=com.friendlysol.android, name=Test, webStorageEnabled=false, app-activity=.activities.StartActivity, warnings={}, takesScreenshot=true}]
	at sun.reflect.GeneratedConstructorAccessor15.newInstance(Unknown Source)
	at sun.reflect.DelegatingConstructorAccessorImpl.newInstance(Unknown Source)
	at java.lang.reflect.Constructor.newInstance(Unknown Source)
	at org.openqa.selenium.remote.ErrorHandler.createThrowable(ErrorHandler.java:204)
	at org.openqa.selenium.remote.ErrorHandler.throwIfResponseFailed(ErrorHandler.java:156)
	at org.openqa.selenium.remote.RemoteWebDriver.execute(RemoteWebDriver.java:599)
	at io.appium.java_client.AppiumDriver.execute(AppiumDriver.java:180)
	at org.openqa.selenium.remote.RemoteWebDriver.findElement(RemoteWebDriver.java:352)
	at org.openqa.selenium.remote.RemoteWebDriver.findElementByXPath(RemoteWebDriver.java:449)
	at org.openqa.selenium.By$ByXPath.findElement(By.java:357)
	at org.openqa.selenium.remote.RemoteWebDriver.findElement(RemoteWebDriver.java:344)
	at org.openqa.selenium.support.ui.ExpectedConditions.findElement(ExpectedConditions.java:730)
	at org.openqa.selenium.support.ui.ExpectedConditions.access$0(ExpectedConditions.java:728)
	at org.openqa.selenium.support.ui.ExpectedConditions$3.apply(ExpectedConditions.java:106)
	at org.openqa.selenium.support.ui.ExpectedConditions$3.apply(ExpectedConditions.java:1)
	at org.openqa.selenium.support.ui.FluentWait.until(FluentWait.java:208)
	... 27 more
</pre></div><a href='#' onClick='toggleBox("stack-trace13605988", this, "Click to show all stack frames", "Click to hide stack frames")'>Click to show all stack frames</a>
<div class='stack-trace' id='stack-trace13605988'><pre>org.openqa.selenium.TimeoutException: Timed out after 8 seconds waiting for presence of element located by: By.xpath: //android.widget.TextView[@text=&apos;after job&apos;]
Build info: version: &apos;2.45.0&apos;, revision: &apos;5017cb8&apos;, time: &apos;2015-02-26 23:59:50&apos;
System info: host: &apos;rafal&apos;, ip: &apos;192.168.222.1&apos;, os.name: &apos;Windows 7&apos;, os.arch: &apos;amd64&apos;, os.version: &apos;6.1&apos;, java.version: &apos;1.7.0_71&apos;
Session ID: 59665ecc-fa5d-4726-80bd-294f4ff98987
Driver info: UI.CRM_Base$1
Capabilities [{platform=LINUX, javascriptEnabled=true, browserName=Android, networkConnectionEnabled=true, desired={platformVersion=4.4, platformName=Android, deviceName=Android Emulator, deviceType=phone, app-package=com.friendlysol.android, name=Test, app-activity=.activities.StartActivity}, locationContextEnabled=false, platformVersion=4.4, databaseEnabled=false, platformName=Android, deviceName=Android Emulator, deviceType=phone, app-package=com.friendlysol.android, name=Test, webStorageEnabled=false, app-activity=.activities.StartActivity, warnings={}, takesScreenshot=true}]
	at org.openqa.selenium.support.ui.WebDriverWait.timeoutException(WebDriverWait.java:79)
	at org.openqa.selenium.support.ui.FluentWait.until(FluentWait.java:228)
	at UI.UI.WaitForElement(UI.java:108)
	at UI.UI.WaitAndTap(UI.java:94)
	at Page.WorkOrder.WorkOrderDetailsViewSubMenu.AddPhotoFromCamera(WorkOrderDetailsViewSubMenu.java:49)
	at CRM_Mobile_Tests.AddPhotoToWorkOrder.Test(AddPhotoToWorkOrder.java:51)
	at sun.reflect.NativeMethodAccessorImpl.invoke0(Native Method)
	at sun.reflect.NativeMethodAccessorImpl.invoke(Unknown Source)
	at sun.reflect.DelegatingMethodAccessorImpl.invoke(Unknown Source)
	at java.lang.reflect.Method.invoke(Unknown Source)
	at org.testng.internal.MethodInvocationHelper.invokeMethod(MethodInvocationHelper.java:84)
	at org.testng.internal.Invoker.invokeMethod(Invoker.java:714)
	at org.testng.internal.Invoker.invokeTestMethod(Invoker.java:901)
	at org.testng.internal.Invoker.invokeTestMethods(Invoker.java:1231)
	at org.testng.internal.TestMethodWorker.invokeTestMethods(TestMethodWorker.java:127)
	at org.testng.internal.TestMethodWorker.run(TestMethodWorker.java:111)
	at org.testng.TestRunner.privateRun(TestRunner.java:767)
	at org.testng.TestRunner.run(TestRunner.java:617)
	at org.testng.SuiteRunner.runTest(SuiteRunner.java:334)
	at org.testng.SuiteRunner.runSequentially(SuiteRunner.java:329)
	at org.testng.SuiteRunner.privateRun(SuiteRunner.java:291)
	at org.testng.SuiteRunner.run(SuiteRunner.java:240)
	at org.testng.SuiteRunnerWorker.runSuite(SuiteRunnerWorker.java:52)
	at org.testng.SuiteRunnerWorker.run(SuiteRunnerWorker.java:86)
	at org.testng.TestNG.runSuitesSequentially(TestNG.java:1224)
	at org.testng.TestNG.runSuitesLocally(TestNG.java:1149)
	at org.testng.TestNG.run(TestNG.java:1057)
	at org.testng.TestNG.privateMain(TestNG.java:1364)
	at org.testng.TestNG.main(TestNG.java:1333)
Caused by: org.openqa.selenium.NoSuchElementException: An element could not be located on the page using the given search parameters. (WARNING: The server did not provide any stacktrace information)
Command duration or timeout: 92 milliseconds
For documentation on this error, please visit: http://seleniumhq.org/exceptions/no_such_element.html
Build info: version: &apos;2.45.0&apos;, revision: &apos;5017cb8&apos;, time: &apos;2015-02-26 23:59:50&apos;
System info: host: &apos;rafal&apos;, ip: &apos;192.168.222.1&apos;, os.name: &apos;Windows 7&apos;, os.arch: &apos;amd64&apos;, os.version: &apos;6.1&apos;, java.version: &apos;1.7.0_71&apos;
*** Element info: {Using=xpath, value=//android.widget.TextView[@text=&apos;after job&apos;]}
Session ID: 59665ecc-fa5d-4726-80bd-294f4ff98987
Driver info: UI.CRM_Base$1
Capabilities [{platform=LINUX, javascriptEnabled=true, browserName=Android, networkConnectionEnabled=true, desired={platformVersion=4.4, platformName=Android, deviceName=Android Emulator, deviceType=phone, app-package=com.friendlysol.android, name=Test, app-activity=.activities.StartActivity}, locationContextEnabled=false, platformVersion=4.4, databaseEnabled=false, platformName=Android, deviceName=Android Emulator, deviceType=phone, app-package=com.friendlysol.android, name=Test, webStorageEnabled=false, app-activity=.activities.StartActivity, warnings={}, takesScreenshot=true}]
	at sun.reflect.GeneratedConstructorAccessor15.newInstance(Unknown Source)
	at sun.reflect.DelegatingConstructorAccessorImpl.newInstance(Unknown Source)
	at java.lang.reflect.Constructor.newInstance(Unknown Source)
	at org.openqa.selenium.remote.ErrorHandler.createThrowable(ErrorHandler.java:204)
	at org.openqa.selenium.remote.ErrorHandler.throwIfResponseFailed(ErrorHandler.java:156)
	at org.openqa.selenium.remote.RemoteWebDriver.execute(RemoteWebDriver.java:599)
	at io.appium.java_client.AppiumDriver.execute(AppiumDriver.java:180)
	at org.openqa.selenium.remote.RemoteWebDriver.findElement(RemoteWebDriver.java:352)
	at org.openqa.selenium.remote.RemoteWebDriver.findElementByXPath(RemoteWebDriver.java:449)
	at org.openqa.selenium.By$ByXPath.findElement(By.java:357)
	at org.openqa.selenium.remote.RemoteWebDriver.findElement(RemoteWebDriver.java:344)
	at org.openqa.selenium.support.ui.ExpectedConditions.findElement(ExpectedConditions.java:730)
	at org.openqa.selenium.support.ui.ExpectedConditions.access$0(ExpectedConditions.java:728)
	at org.openqa.selenium.support.ui.ExpectedConditions$3.apply(ExpectedConditions.java:106)
	at org.openqa.selenium.support.ui.ExpectedConditions$3.apply(ExpectedConditions.java:1)
	at org.openqa.selenium.support.ui.FluentWait.until(FluentWait.java:208)
	... 27 more
</pre></div></td>
<td>27</td>
<td>CRM_Mobile_Tests.AddPhotoToWorkOrder@1e54f9f6</td></tr>
</table><p>
<table width='100%' border='1' class='invocation-passed'>
<tr><td colspan='4' align='center'><b>PASSED TESTS</b></td></tr>
<tr><td><b>Test method</b></td>
<td width="30%"><b>Exception</b></td>
<td width="10%"><b>Time (seconds)</b></td>
<td><b>Instance</b></td>
</tr>
<tr>
<td title='CRM_Mobile_Tests.AddNewActivitiesAndCheckResults.AddActivitiesBySubMenu()'><b>AddActivitiesBySubMenu</b><br>Test class: CRM_Mobile_Tests.AddNewActivitiesAndCheckResults</td>
<td></td>
<td>68</td>
<td>CRM_Mobile_Tests.AddNewActivitiesAndCheckResults@f57f347</td></tr>
<tr>
<td title='CRM_Mobile_Tests.AddNewActivitiesAndCheckResults.AddActivitiesInActivitisView()'><b>AddActivitiesInActivitisView</b><br>Test class: CRM_Mobile_Tests.AddNewActivitiesAndCheckResults</td>
<td></td>
<td>66</td>
<td>CRM_Mobile_Tests.AddNewActivitiesAndCheckResults@f57f347</td></tr>
<tr>
<td title='CRM_Mobile_Tests.DisplayMainMenu.SchouldScrollDownAndDisplayMenuItem()'><b>SchouldScrollDownAndDisplayMenuItem</b><br>Test class: CRM_Mobile_Tests.DisplayMainMenu</td>
<td></td>
<td>3</td>
<td>CRM_Mobile_Tests.DisplayMainMenu@7a7ff2aa</td></tr>
<tr>
<td title='CRM_Mobile_Tests.DisplayWorkOrderDetails.ShouldDisplayAllItemInSubMenu()'><b>ShouldDisplayAllItemInSubMenu</b><br>Test class: CRM_Mobile_Tests.DisplayWorkOrderDetails</td>
<td></td>
<td>2</td>
<td>CRM_Mobile_Tests.DisplayWorkOrderDetails@26426fde</td></tr>
<tr>
<td title='CRM_Mobile_Tests.DisplayWorkOrderList.ShouldDisplayAllItemInSubMenu()'><b>ShouldDisplayAllItemInSubMenu</b><br>Test class: CRM_Mobile_Tests.DisplayWorkOrderList</td>
<td></td>
<td>7</td>
<td>CRM_Mobile_Tests.DisplayWorkOrderList@373246f3</td></tr>
<tr>
<td title='CRM_Mobile_Tests.DisplayWorkOrderList.ShouldDisplayAnyElmentInList()'><b>ShouldDisplayAnyElmentInList</b><br>Test class: CRM_Mobile_Tests.DisplayWorkOrderList</td>
<td></td>
<td>0</td>
<td>CRM_Mobile_Tests.DisplayWorkOrderList@373246f3</td></tr>
<tr>
<td title='CRM_Mobile_Tests.DisplayInformationPage.ShouldDisplayInformationPanel()'><b>ShouldDisplayInformationPanel</b><br>Test class: CRM_Mobile_Tests.DisplayInformationPage</td>
<td></td>
<td>1</td>
<td>CRM_Mobile_Tests.DisplayInformationPage@5ce69508</td></tr>
<tr>
<td title='CRM_Mobile_Tests.DisplayMainMenu.ShouldDisplayMainMenu()'><b>ShouldDisplayMainMenu</b><br>Test class: CRM_Mobile_Tests.DisplayMainMenu</td>
<td></td>
<td>1</td>
<td>CRM_Mobile_Tests.DisplayMainMenu@7a7ff2aa</td></tr>
<tr>
<td title='CRM_Mobile_Tests.DisplayWorkOrderDetails.ShouldDisplayProperWoDetalis()'><b>ShouldDisplayProperWoDetalis</b><br>Test class: CRM_Mobile_Tests.DisplayWorkOrderDetails</td>
<td></td>
<td>0</td>
<td>CRM_Mobile_Tests.DisplayWorkOrderDetails@26426fde</td></tr>
<tr>
<td title='CRM_Mobile_Tests.DisplayMainMenu.ShouldDisplaySubMenu()'><b>ShouldDisplaySubMenu</b><br>Test class: CRM_Mobile_Tests.DisplayMainMenu</td>
<td></td>
<td>2</td>
<td>CRM_Mobile_Tests.DisplayMainMenu@7a7ff2aa</td></tr>
</table><p>
</body>
</html>