<!DOCTYPE html PUBLIC "-//W3C//DTD XHTML 1.1//EN" "http://www.w3.org/TR/xhtml11/DTD/xhtml11.dtd">
<html xmlns="http://www.w3.org/1999/xhtml"><head><title>TestNG Report</title><style type="text/css">table {margin-bottom:10px;border-collapse:collapse;empty-cells:show}th,td {border:1px solid #009;padding:.25em .5em}th {vertical-align:bottom}td {vertical-align:top}table a {font-weight:bold}.stripe td {background-color: #E6EBF9}.num {text-align:right}.passedodd td {background-color: #3F3}.passedeven td {background-color: #0A0}.skippedodd td {background-color: #DDD}.skippedeven td {background-color: #CCC}.failedodd td,.attn {background-color: #F33}.failedeven td,.stripe .attn {background-color: #D00}.stacktrace {white-space:pre;font-family:monospace}.totop {font-size:85%;text-align:center;border-bottom:2px solid #000}</style></head><body><table><tr><th>Test</th><th># Passed</th><th># Skipped</th><th># Failed</th><th>Time (ms)</th><th>Included Groups</th><th>Excluded Groups</th></tr><tr><th colspan="7">Default suite</th></tr><tr><td><a href="#t0">Default test</a></td><td class="num">10</td><td class="num">0</td><td class="num attn">1</td><td class="num">395 828</td><td></td><td></td></tr></table><table><thead><tr><th>Class</th><th>Method</th><th>Start</th><th>Time (ms)</th></tr></thead><tbody><tr><th colspan="4">Default suite</th></tr></tbody><tbody id="t0"><tr><th colspan="4">Default test &#8212; failed</th></tr><tr class="failedeven"><td rowspan="1">CRM_Mobile_Tests.AddPhotoToWorkOrder</td><td><a href="#m0">Test</a></td><td rowspan="1">1429035520737</td><td rowspan="1">27150</td></tr><tr><th colspan="4">Default test &#8212; passed</th></tr><tr class="passedeven"><td rowspan="2">CRM_Mobile_Tests.AddNewActivitiesAndCheckResults</td><td><a href="#m1">AddActivitiesBySubMenu</a></td><td rowspan="1">1429035297313</td><td rowspan="1">68639</td></tr><tr class="passedeven"><td><a href="#m2">AddActivitiesInActivitisView</a></td><td rowspan="1">1429035369669</td><td rowspan="1">66090</td></tr><tr class="passedodd"><td rowspan="1">CRM_Mobile_Tests.DisplayInformationPage</td><td><a href="#m3">ShouldDisplayInformationPanel</a></td><td rowspan="1">1429035575894</td><td rowspan="1">1825</td></tr><tr class="passedeven"><td rowspan="3">CRM_Mobile_Tests.DisplayMainMenu</td><td><a href="#m4">SchouldScrollDownAndDisplayMenuItem</a></td><td rowspan="1">1429035606564</td><td rowspan="1">3879</td></tr><tr class="passedeven"><td><a href="#m5">ShouldDisplayMainMenu</a></td><td rowspan="1">1429035610445</td><td rowspan="1">1484</td></tr><tr class="passedeven"><td><a href="#m6">ShouldDisplaySubMenu</a></td><td rowspan="1">1429035611930</td><td rowspan="1">2966</td></tr><tr class="passedodd"><td rowspan="2">CRM_Mobile_Tests.DisplayWorkOrderDetails</td><td><a href="#m7">ShouldDisplayAllItemInSubMenu</a></td><td rowspan="1">1429035483595</td><td rowspan="1">2806</td></tr><tr class="passedodd"><td><a href="#m8">ShouldDisplayProperWoDetalis</a></td><td rowspan="1">1429035486402</td><td rowspan="1">535</td></tr><tr class="passedeven"><td rowspan="2">CRM_Mobile_Tests.DisplayWorkOrderList</td><td><a href="#m9">ShouldDisplayAllItemInSubMenu</a></td><td rowspan="1">1429035648457</td><td rowspan="1">7714</td></tr><tr class="passedeven"><td><a href="#m10">ShouldDisplayAnyElmentInList</a></td><td rowspan="1">1429035656172</td><td rowspan="1">733</td></tr></tbody></table><h2>Default test</h2><h3 id="m0">CRM_Mobile_Tests.AddPhotoToWorkOrder#Test</h3><table class="result"><tr><th>Exception</th></tr><tr><td><div class="stacktrace">org.openqa.selenium.TimeoutException: Timed out after 8 seconds waiting for presence of element located by: By.xpath: //android.widget.TextView[@text=&apos;after job&apos;]
Build info: version: &apos;2.45.0&apos;, revision: &apos;5017cb8&apos;, time: &apos;2015-02-26 23:59:50&apos;
System info: host: &apos;rafal&apos;, ip: &apos;192.168.222.1&apos;, os.name: &apos;Windows 7&apos;, os.arch: &apos;amd64&apos;, os.version: &apos;6.1&apos;, java.version: &apos;1.7.0_71&apos;
Session ID: 59665ecc-fa5d-4726-80bd-294f4ff98987
Driver info: UI.CRM_Base$1
Capabilities [{platform=LINUX, javascriptEnabled=true, browserName=Android, networkConnectionEnabled=true, desired={platformVersion=4.4, platformName=Android, deviceName=Android Emulator, deviceType=phone, app-package=com.friendlysol.android, name=Test, app-activity=.activities.StartActivity}, locationContextEnabled=false, platformVersion=4.4, databaseEnabled=false, platformName=Android, deviceName=Android Emulator, deviceType=phone, app-package=com.friendlysol.android, name=Test, webStorageEnabled=false, app-activity=.activities.StartActivity, warnings={}, takesScreenshot=true}]
	at org.openqa.selenium.support.ui.WebDriverWait.timeoutException(WebDriverWait.java:79)
	at org.openqa.selenium.support.ui.FluentWait.until(FluentWait.java:228)
	at UI.UI.WaitForElement(UI.java:108)
	at UI.UI.WaitAndTap(UI.java:94)
	at Page.WorkOrder.WorkOrderDetailsViewSubMenu.AddPhotoFromCamera(WorkOrderDetailsViewSubMenu.java:49)
	at CRM_Mobile_Tests.AddPhotoToWorkOrder.Test(AddPhotoToWorkOrder.java:51)
	at sun.reflect.NativeMethodAccessorImpl.invoke0(Native Method)
	at sun.reflect.NativeMethodAccessorImpl.invoke(Unknown Source)
	at sun.reflect.DelegatingMethodAccessorImpl.invoke(Unknown Source)
	at java.lang.reflect.Method.invoke(Unknown Source)
	at org.testng.internal.MethodInvocationHelper.invokeMethod(MethodInvocationHelper.java:84)
	at org.testng.internal.Invoker.invokeMethod(Invoker.java:714)
	at org.testng.internal.Invoker.invokeTestMethod(Invoker.java:901)
	at org.testng.internal.Invoker.invokeTestMethods(Invoker.java:1231)
	at org.testng.internal.TestMethodWorker.invokeTestMethods(TestMethodWorker.java:127)
	at org.testng.internal.TestMethodWorker.run(TestMethodWorker.java:111)
	at org.testng.TestRunner.privateRun(TestRunner.java:767)
	at org.testng.TestRunner.run(TestRunner.java:617)
	at org.testng.SuiteRunner.runTest(SuiteRunner.java:334)
	at org.testng.SuiteRunner.runSequentially(SuiteRunner.java:329)
	at org.testng.SuiteRunner.privateRun(SuiteRunner.java:291)
	at org.testng.SuiteRunner.run(SuiteRunner.java:240)
	at org.testng.SuiteRunnerWorker.runSuite(SuiteRunnerWorker.java:52)
	at org.testng.SuiteRunnerWorker.run(SuiteRunnerWorker.java:86)
	at org.testng.TestNG.runSuitesSequentially(TestNG.java:1224)
	at org.testng.TestNG.runSuitesLocally(TestNG.java:1149)
	at org.testng.TestNG.run(TestNG.java:1057)
	at org.testng.TestNG.privateMain(TestNG.java:1364)
	at org.testng.TestNG.main(TestNG.java:1333)
Caused by: org.openqa.selenium.NoSuchElementException: An element could not be located on the page using the given search parameters. (WARNING: The server did not provide any stacktrace information)
Command duration or timeout: 92 milliseconds
For documentation on this error, please visit: http://seleniumhq.org/exceptions/no_such_element.html
Build info: version: &apos;2.45.0&apos;, revision: &apos;5017cb8&apos;, time: &apos;2015-02-26 23:59:50&apos;
System info: host: &apos;rafal&apos;, ip: &apos;192.168.222.1&apos;, os.name: &apos;Windows 7&apos;, os.arch: &apos;amd64&apos;, os.version: &apos;6.1&apos;, java.version: &apos;1.7.0_71&apos;
*** Element info: {Using=xpath, value=//android.widget.TextView[@text=&apos;after job&apos;]}
Session ID: 59665ecc-fa5d-4726-80bd-294f4ff98987
Driver info: UI.CRM_Base$1
Capabilities [{platform=LINUX, javascriptEnabled=true, browserName=Android, networkConnectionEnabled=true, desired={platformVersion=4.4, platformName=Android, deviceName=Android Emulator, deviceType=phone, app-package=com.friendlysol.android, name=Test, app-activity=.activities.StartActivity}, locationContextEnabled=false, platformVersion=4.4, databaseEnabled=false, platformName=Android, deviceName=Android Emulator, deviceType=phone, app-package=com.friendlysol.android, name=Test, webStorageEnabled=false, app-activity=.activities.StartActivity, warnings={}, takesScreenshot=true}]
	at sun.reflect.GeneratedConstructorAccessor15.newInstance(Unknown Source)
	at sun.reflect.DelegatingConstructorAccessorImpl.newInstance(Unknown Source)
	at java.lang.reflect.Constructor.newInstance(Unknown Source)
	at org.openqa.selenium.remote.ErrorHandler.createThrowable(ErrorHandler.java:204)
	at org.openqa.selenium.remote.ErrorHandler.throwIfResponseFailed(ErrorHandler.java:156)
	at org.openqa.selenium.remote.RemoteWebDriver.execute(RemoteWebDriver.java:599)
	at io.appium.java_client.AppiumDriver.execute(AppiumDriver.java:180)
	at org.openqa.selenium.remote.RemoteWebDriver.findElement(RemoteWebDriver.java:352)
	at org.openqa.selenium.remote.RemoteWebDriver.findElementByXPath(RemoteWebDriver.java:449)
	at org.openqa.selenium.By$ByXPath.findElement(By.java:357)
	at org.openqa.selenium.remote.RemoteWebDriver.findElement(RemoteWebDriver.java:344)
	at org.openqa.selenium.support.ui.ExpectedConditions.findElement(ExpectedConditions.java:730)
	at org.openqa.selenium.support.ui.ExpectedConditions.access$0(ExpectedConditions.java:728)
	at org.openqa.selenium.support.ui.ExpectedConditions$3.apply(ExpectedConditions.java:106)
	at org.openqa.selenium.support.ui.ExpectedConditions$3.apply(ExpectedConditions.java:1)
	at org.openqa.selenium.support.ui.FluentWait.until(FluentWait.java:208)
	... 27 more
</div></td></tr></table><p class="totop"><a href="#summary">back to summary</a></p><h3 id="m1">CRM_Mobile_Tests.AddNewActivitiesAndCheckResults#AddActivitiesBySubMenu</h3><table class="result"></table><p class="totop"><a href="#summary">back to summary</a></p><h3 id="m2">CRM_Mobile_Tests.AddNewActivitiesAndCheckResults#AddActivitiesInActivitisView</h3><table class="result"></table><p class="totop"><a href="#summary">back to summary</a></p><h3 id="m3">CRM_Mobile_Tests.DisplayInformationPage#ShouldDisplayInformationPanel</h3><table class="result"></table><p class="totop"><a href="#summary">back to summary</a></p><h3 id="m4">CRM_Mobile_Tests.DisplayMainMenu#SchouldScrollDownAndDisplayMenuItem</h3><table class="result"></table><p class="totop"><a href="#summary">back to summary</a></p><h3 id="m5">CRM_Mobile_Tests.DisplayMainMenu#ShouldDisplayMainMenu</h3><table class="result"></table><p class="totop"><a href="#summary">back to summary</a></p><h3 id="m6">CRM_Mobile_Tests.DisplayMainMenu#ShouldDisplaySubMenu</h3><table class="result"></table><p class="totop"><a href="#summary">back to summary</a></p><h3 id="m7">CRM_Mobile_Tests.DisplayWorkOrderDetails#ShouldDisplayAllItemInSubMenu</h3><table class="result"></table><p class="totop"><a href="#summary">back to summary</a></p><h3 id="m8">CRM_Mobile_Tests.DisplayWorkOrderDetails#ShouldDisplayProperWoDetalis</h3><table class="result"></table><p class="totop"><a href="#summary">back to summary</a></p><h3 id="m9">CRM_Mobile_Tests.DisplayWorkOrderList#ShouldDisplayAllItemInSubMenu</h3><table class="result"></table><p class="totop"><a href="#summary">back to summary</a></p><h3 id="m10">CRM_Mobile_Tests.DisplayWorkOrderList#ShouldDisplayAnyElmentInList</h3><table class="result"></table><p class="totop"><a href="#summary">back to summary</a></p></body></html>