<?xml version="1.0" encoding="UTF-8"?>
<!-- Generated by org.testng.reporters.JUnitReportReporter -->
<testsuite hostname="rafal" name="CRM_Mobile_Tests.AddPhotoToWorkOrder" tests="1" failures="1" timestamp="14 Apr 2015 18:20:59 GMT" time="38.618" errors="0">
  <testcase name="Test" time="38.618" classname="CRM_Mobile_Tests.AddPhotoToWorkOrder">
    <failure type="org.openqa.selenium.TimeoutException" message="Timed out after 8 seconds waiting for presence of element located by: By.xpath: //android.widget.TextView[@text=&#039;after job&#039;]
Build info: version: &#039;2.45.0&#039;, revision: &#039;5017cb8&#039;, time: &#039;2015-02-26 23:59:50&#039;
System info: host: &#039;rafal&#039;, ip: &#039;192.168.222.1&#039;, os.name: &#039;Windows 7&#039;, os.arch: &#039;amd64&#039;, os.version: &#039;6.1&#039;, java.version: &#039;1.7.0_71&#039;
Session ID: 59665ecc-fa5d-4726-80bd-294f4ff98987
Driver info: UI.CRM_Base$1
Capabilities [{platform=LINUX, javascriptEnabled=true, browserName=Android, networkConnectionEnabled=true, desired={platformVersion=4.4, platformName=Android, deviceName=Android Emulator, deviceType=phone, app-package=com.friendlysol.android, name=Test, app-activity=.activities.StartActivity}, locationContextEnabled=false, platformVersion=4.4, databaseEnabled=false, platformName=Android, deviceName=Android Emulator, deviceType=phone, app-package=com.friendlysol.android, name=Test, webStorageEnabled=false, app-activity=.activities.StartActivity, warnings={}, takesScreenshot=true}]">
      <![CDATA[org.openqa.selenium.TimeoutException: Timed out after 8 seconds waiting for presence of element located by: By.xpath: //android.widget.TextView[@text='after job']
Build info: version: '2.45.0', revision: '5017cb8', time: '2015-02-26 23:59:50'
System info: host: 'rafal', ip: '192.168.222.1', os.name: 'Windows 7', os.arch: 'amd64', os.version: '6.1', java.version: '1.7.0_71'
Session ID: 59665ecc-fa5d-4726-80bd-294f4ff98987
Driver info: UI.CRM_Base$1
Capabilities [{platform=LINUX, javascriptEnabled=true, browserName=Android, networkConnectionEnabled=true, desired={platformVersion=4.4, platformName=Android, deviceName=Android Emulator, deviceType=phone, app-package=com.friendlysol.android, name=Test, app-activity=.activities.StartActivity}, locationContextEnabled=false, platformVersion=4.4, databaseEnabled=false, platformName=Android, deviceName=Android Emulator, deviceType=phone, app-package=com.friendlysol.android, name=Test, webStorageEnabled=false, app-activity=.activities.StartActivity, warnings={}, takesScreenshot=true}]
	at org.openqa.selenium.support.ui.WebDriverWait.timeoutException(WebDriverWait.java:79)
	at org.openqa.selenium.support.ui.FluentWait.until(FluentWait.java:228)
	at UI.UI.WaitForElement(UI.java:108)
	at UI.UI.WaitAndTap(UI.java:94)
	at Page.WorkOrder.WorkOrderDetailsViewSubMenu.AddPhotoFromCamera(WorkOrderDetailsViewSubMenu.java:49)
	at CRM_Mobile_Tests.AddPhotoToWorkOrder.Test(AddPhotoToWorkOrder.java:51)
	at sun.reflect.NativeMethodAccessorImpl.invoke0(Native Method)
	at sun.reflect.NativeMethodAccessorImpl.invoke(Unknown Source)
	at sun.reflect.DelegatingMethodAccessorImpl.invoke(Unknown Source)
	at java.lang.reflect.Method.invoke(Unknown Source)
	at org.testng.internal.MethodInvocationHelper.invokeMethod(MethodInvocationHelper.java:84)
	at org.testng.internal.Invoker.invokeMethod(Invoker.java:714)
	at org.testng.internal.Invoker.invokeTestMethod(Invoker.java:901)
	at org.testng.internal.Invoker.invokeTestMethods(Invoker.java:1231)
	at org.testng.internal.TestMethodWorker.invokeTestMethods(TestMethodWorker.java:127)
	at org.testng.internal.TestMethodWorker.run(TestMethodWorker.java:111)
	at org.testng.TestRunner.privateRun(TestRunner.java:767)
	at org.testng.TestRunner.run(TestRunner.java:617)
	at org.testng.SuiteRunner.runTest(SuiteRunner.java:334)
	at org.testng.SuiteRunner.runSequentially(SuiteRunner.java:329)
	at org.testng.SuiteRunner.privateRun(SuiteRunner.java:291)
	at org.testng.SuiteRunner.run(SuiteRunner.java:240)
	at org.testng.SuiteRunnerWorker.runSuite(SuiteRunnerWorker.java:52)
	at org.testng.SuiteRunnerWorker.run(SuiteRunnerWorker.java:86)
	at org.testng.TestNG.runSuitesSequentially(TestNG.java:1224)
	at org.testng.TestNG.runSuitesLocally(TestNG.java:1149)
	at org.testng.TestNG.run(TestNG.java:1057)
	at org.testng.TestNG.privateMain(TestNG.java:1364)
	at org.testng.TestNG.main(TestNG.java:1333)
Caused by: org.openqa.selenium.NoSuchElementException: An element could not be located on the page using the given search parameters. (WARNING: The server did not provide any stacktrace information)
Command duration or timeout: 92 milliseconds
For documentation on this error, please visit: http://seleniumhq.org/exceptions/no_such_element.html
Build info: version: '2.45.0', revision: '5017cb8', time: '2015-02-26 23:59:50'
System info: host: 'rafal', ip: '192.168.222.1', os.name: 'Windows 7', os.arch: 'amd64', os.version: '6.1', java.version: '1.7.0_71'
*** Element info: {Using=xpath, value=//android.widget.TextView[@text='after job']}
Session ID: 59665ecc-fa5d-4726-80bd-294f4ff98987
Driver info: UI.CRM_Base$1
Capabilities [{platform=LINUX, javascriptEnabled=true, browserName=Android, networkConnectionEnabled=true, desired={platformVersion=4.4, platformName=Android, deviceName=Android Emulator, deviceType=phone, app-package=com.friendlysol.android, name=Test, app-activity=.activities.StartActivity}, locationContextEnabled=false, platformVersion=4.4, databaseEnabled=false, platformName=Android, deviceName=Android Emulator, deviceType=phone, app-package=com.friendlysol.android, name=Test, webStorageEnabled=false, app-activity=.activities.StartActivity, warnings={}, takesScreenshot=true}]
	at sun.reflect.GeneratedConstructorAccessor15.newInstance(Unknown Source)
	at sun.reflect.DelegatingConstructorAccessorImpl.newInstance(Unknown Source)
	at java.lang.reflect.Constructor.newInstance(Unknown Source)
	at org.openqa.selenium.remote.ErrorHandler.createThrowable(ErrorHandler.java:204)
	at org.openqa.selenium.remote.ErrorHandler.throwIfResponseFailed(ErrorHandler.java:156)
	at org.openqa.selenium.remote.RemoteWebDriver.execute(RemoteWebDriver.java:599)
	at io.appium.java_client.AppiumDriver.execute(AppiumDriver.java:180)
	at org.openqa.selenium.remote.RemoteWebDriver.findElement(RemoteWebDriver.java:352)
	at org.openqa.selenium.remote.RemoteWebDriver.findElementByXPath(RemoteWebDriver.java:449)
	at org.openqa.selenium.By$ByXPath.findElement(By.java:357)
	at org.openqa.selenium.remote.RemoteWebDriver.findElement(RemoteWebDriver.java:344)
	at org.openqa.selenium.support.ui.ExpectedConditions.findElement(ExpectedConditions.java:730)
	at org.openqa.selenium.support.ui.ExpectedConditions.access$0(ExpectedConditions.java:728)
	at org.openqa.selenium.support.ui.ExpectedConditions$3.apply(ExpectedConditions.java:106)
	at org.openqa.selenium.support.ui.ExpectedConditions$3.apply(ExpectedConditions.java:1)
	at org.openqa.selenium.support.ui.FluentWait.until(FluentWait.java:208)
	... 27 more
]]>
    </failure>
  </testcase> <!-- Test -->
</testsuite> <!-- CRM_Mobile_Tests.AddPhotoToWorkOrder -->
